{"C:\\Users\\Thiago Ferreira\\Desktop\\scripts\\APIs faculdade\\api-exemplo\\APIs-academico\\api-com-jest\\src\\sync.ts": {"path":"C:\\Users\\Thiago Ferreira\\Desktop\\scripts\\APIs faculdade\\api-exemplo\\APIs-academico\\api-com-jest\\src\\sync.ts","statementMap":{"0":{"start":{"line":1,"column":0},"end":{"line":1,"column":40}},"1":{"start":{"line":2,"column":0},"end":{"line":2,"column":23}},"2":{"start":{"line":3,"column":0},"end":{"line":3,"column":23}},"3":{"start":{"line":5,"column":0},"end":{"line":14,"column":5}},"4":{"start":{"line":8,"column":4},"end":{"line":8,"column":57}},"5":{"start":{"line":9,"column":4},"end":{"line":9,"column":20}},"6":{"start":{"line":12,"column":4},"end":{"line":12,"column":49}},"7":{"start":{"line":13,"column":4},"end":{"line":13,"column":20}}},"fnMap":{"0":{"name":"(anonymous_1)","decl":{"start":{"line":7,"column":8},"end":{"line":7,"column":11}},"loc":{"start":{"line":7,"column":13},"end":{"line":10,"column":3}}},"1":{"name":"(anonymous_2)","decl":{"start":{"line":11,"column":9},"end":{"line":11,"column":10}},"loc":{"start":{"line":11,"column":17},"end":{"line":14,"column":3}}}},"branchMap":{},"s":{"0":0,"1":0,"2":0,"3":0,"4":0,"5":0,"6":0,"7":0},"f":{"0":0,"1":0},"b":{}}
,"C:\\Users\\Thiago Ferreira\\Desktop\\scripts\\APIs faculdade\\api-exemplo\\APIs-academico\\api-com-jest\\src\\controllers\\PostController.ts": {"path":"C:\\Users\\Thiago Ferreira\\Desktop\\scripts\\APIs faculdade\\api-exemplo\\APIs-academico\\api-com-jest\\src\\controllers\\PostController.ts","statementMap":{"0":{"start":{"line":2,"column":0},"end":{"line":2,"column":52}},"1":{"start":{"line":4,"column":0},"end":{"line":4,"column":54}},"2":{"start":{"line":7,"column":10},"end":{"line":7,"column":42}},"3":{"start":{"line":9,"column":2},"end":{"line":28,"column":4}},"4":{"start":{"line":10,"column":4},"end":{"line":27,"column":5}},"5":{"start":{"line":11,"column":36},"end":{"line":11,"column":71}},"6":{"start":{"line":12,"column":6},"end":{"line":16,"column":9}},"7":{"start":{"line":18,"column":6},"end":{"line":26,"column":7}},"8":{"start":{"line":19,"column":8},"end":{"line":21,"column":60}},"9":{"start":{"line":23,"column":8},"end":{"line":25,"column":65}},"10":{"start":{"line":30,"column":2},"end":{"line":92,"column":4}},"11":{"start":{"line":31,"column":4},"end":{"line":91,"column":5}},"12":{"start":{"line":32,"column":22},"end":{"line":32,"column":49}},"13":{"start":{"line":34,"column":6},"end":{"line":39,"column":7}},"14":{"start":{"line":35,"column":8},"end":{"line":38,"column":11}},"15":{"start":{"line":41,"column":6},"end":{"line":46,"column":7}},"16":{"start":{"line":42,"column":8},"end":{"line":45,"column":11}},"17":{"start":{"line":48,"column":6},"end":{"line":56,"column":7}},"18":{"start":{"line":52,"column":8},"end":{"line":55,"column":11}},"19":{"start":{"line":58,"column":6},"end":{"line":63,"column":7}},"20":{"start":{"line":59,"column":8},"end":{"line":62,"column":11}},"21":{"start":{"line":65,"column":6},"end":{"line":73,"column":7}},"22":{"start":{"line":69,"column":8},"end":{"line":72,"column":11}},"23":{"start":{"line":75,"column":32},"end":{"line":75,"column":74}},"24":{"start":{"line":76,"column":6},"end":{"line":80,"column":9}},"25":{"start":{"line":82,"column":6},"end":{"line":90,"column":7}},"26":{"start":{"line":83,"column":8},"end":{"line":85,"column":60}},"27":{"start":{"line":87,"column":8},"end":{"line":89,"column":65}},"28":{"start":{"line":94,"column":2},"end":{"line":178,"column":4}},"29":{"start":{"line":95,"column":4},"end":{"line":177,"column":5}},"30":{"start":{"line":96,"column":22},"end":{"line":96,"column":47}},"31":{"start":{"line":97,"column":22},"end":{"line":97,"column":47}},"32":{"start":{"line":98,"column":24},"end":{"line":98,"column":50}},"33":{"start":{"line":100,"column":6},"end":{"line":105,"column":7}},"34":{"start":{"line":101,"column":8},"end":{"line":104,"column":11}},"35":{"start":{"line":107,"column":6},"end":{"line":112,"column":7}},"36":{"start":{"line":108,"column":8},"end":{"line":111,"column":11}},"37":{"start":{"line":114,"column":6},"end":{"line":123,"column":7}},"38":{"start":{"line":119,"column":8},"end":{"line":122,"column":11}},"39":{"start":{"line":125,"column":6},"end":{"line":134,"column":7}},"40":{"start":{"line":130,"column":8},"end":{"line":133,"column":11}},"41":{"start":{"line":136,"column":6},"end":{"line":144,"column":7}},"42":{"start":{"line":140,"column":8},"end":{"line":143,"column":11}},"43":{"start":{"line":146,"column":6},"end":{"line":155,"column":7}},"44":{"start":{"line":151,"column":8},"end":{"line":154,"column":11}},"45":{"start":{"line":157,"column":32},"end":{"line":160,"column":null}},"46":{"start":{"line":162,"column":6},"end":{"line":166,"column":9}},"47":{"start":{"line":168,"column":6},"end":{"line":176,"column":7}},"48":{"start":{"line":169,"column":8},"end":{"line":171,"column":60}},"49":{"start":{"line":173,"column":8},"end":{"line":175,"column":65}},"50":{"start":{"line":180,"column":2},"end":{"line":219,"column":4}},"51":{"start":{"line":181,"column":4},"end":{"line":218,"column":5}},"52":{"start":{"line":182,"column":22},"end":{"line":182,"column":47}},"53":{"start":{"line":183,"column":22},"end":{"line":183,"column":47}},"54":{"start":{"line":185,"column":6},"end":{"line":190,"column":7}},"55":{"start":{"line":186,"column":8},"end":{"line":189,"column":11}},"56":{"start":{"line":192,"column":6},"end":{"line":197,"column":7}},"57":{"start":{"line":193,"column":8},"end":{"line":196,"column":11}},"58":{"start":{"line":199,"column":32},"end":{"line":201,"column":null}},"59":{"start":{"line":203,"column":6},"end":{"line":207,"column":9}},"60":{"start":{"line":209,"column":6},"end":{"line":217,"column":7}},"61":{"start":{"line":210,"column":8},"end":{"line":212,"column":60}},"62":{"start":{"line":214,"column":8},"end":{"line":216,"column":65}},"63":{"start":{"line":6,"column":0},"end":{"line":6,"column":13}}},"fnMap":{"0":{"name":"(anonymous_0)","decl":{"start":{"line":6,"column":0},"end":{"line":6,"column":13}},"loc":{"start":{"line":6,"column":0},"end":{"line":220,"column":1}}},"1":{"name":"(anonymous_1)","decl":{"start":{"line":9,"column":15},"end":{"line":9,"column":20}},"loc":{"start":{"line":9,"column":53},"end":{"line":28,"column":3}}},"2":{"name":"(anonymous_2)","decl":{"start":{"line":30,"column":15},"end":{"line":30,"column":20}},"loc":{"start":{"line":30,"column":53},"end":{"line":92,"column":3}}},"3":{"name":"(anonymous_3)","decl":{"start":{"line":94,"column":14},"end":{"line":94,"column":19}},"loc":{"start":{"line":94,"column":52},"end":{"line":178,"column":3}}},"4":{"name":"(anonymous_4)","decl":{"start":{"line":180,"column":15},"end":{"line":180,"column":20}},"loc":{"start":{"line":180,"column":53},"end":{"line":219,"column":3}}}},"branchMap":{"0":{"loc":{"start":{"line":18,"column":6},"end":{"line":26,"column":7}},"type":"if","locations":[{"start":{"line":18,"column":6},"end":{"line":26,"column":7}},{"start":{"line":22,"column":13},"end":{"line":26,"column":7}}]},"1":{"loc":{"start":{"line":34,"column":6},"end":{"line":39,"column":7}},"type":"if","locations":[{"start":{"line":34,"column":6},"end":{"line":39,"column":7}},{"start":{},"end":{}}]},"2":{"loc":{"start":{"line":34,"column":10},"end":{"line":34,"column":67}},"type":"binary-expr","locations":[{"start":{"line":34,"column":10},"end":{"line":34,"column":44}},{"start":{"line":34,"column":48},"end":{"line":34,"column":67}}]},"3":{"loc":{"start":{"line":41,"column":6},"end":{"line":46,"column":7}},"type":"if","locations":[{"start":{"line":41,"column":6},"end":{"line":46,"column":7}},{"start":{},"end":{}}]},"4":{"loc":{"start":{"line":48,"column":6},"end":{"line":56,"column":7}},"type":"if","locations":[{"start":{"line":48,"column":6},"end":{"line":56,"column":7}},{"start":{},"end":{}}]},"5":{"loc":{"start":{"line":49,"column":8},"end":{"line":50,"column":40}},"type":"binary-expr","locations":[{"start":{"line":49,"column":8},"end":{"line":49,"column":46}},{"start":{"line":50,"column":8},"end":{"line":50,"column":40}}]},"6":{"loc":{"start":{"line":58,"column":6},"end":{"line":63,"column":7}},"type":"if","locations":[{"start":{"line":58,"column":6},"end":{"line":63,"column":7}},{"start":{},"end":{}}]},"7":{"loc":{"start":{"line":65,"column":6},"end":{"line":73,"column":7}},"type":"if","locations":[{"start":{"line":65,"column":6},"end":{"line":73,"column":7}},{"start":{},"end":{}}]},"8":{"loc":{"start":{"line":66,"column":8},"end":{"line":67,"column":42}},"type":"binary-expr","locations":[{"start":{"line":66,"column":8},"end":{"line":66,"column":48}},{"start":{"line":67,"column":8},"end":{"line":67,"column":42}}]},"9":{"loc":{"start":{"line":82,"column":6},"end":{"line":90,"column":7}},"type":"if","locations":[{"start":{"line":82,"column":6},"end":{"line":90,"column":7}},{"start":{"line":86,"column":13},"end":{"line":90,"column":7}}]},"10":{"loc":{"start":{"line":100,"column":6},"end":{"line":105,"column":7}},"type":"if","locations":[{"start":{"line":100,"column":6},"end":{"line":105,"column":7}},{"start":{},"end":{}}]},"11":{"loc":{"start":{"line":100,"column":10},"end":{"line":100,"column":51}},"type":"binary-expr","locations":[{"start":{"line":100,"column":10},"end":{"line":100,"column":36}},{"start":{"line":100,"column":40},"end":{"line":100,"column":51}}]},"12":{"loc":{"start":{"line":107,"column":6},"end":{"line":112,"column":7}},"type":"if","locations":[{"start":{"line":107,"column":6},"end":{"line":112,"column":7}},{"start":{},"end":{}}]},"13":{"loc":{"start":{"line":107,"column":10},"end":{"line":107,"column":51}},"type":"binary-expr","locations":[{"start":{"line":107,"column":10},"end":{"line":107,"column":36}},{"start":{"line":107,"column":40},"end":{"line":107,"column":51}}]},"14":{"loc":{"start":{"line":114,"column":6},"end":{"line":123,"column":7}},"type":"if","locations":[{"start":{"line":114,"column":6},"end":{"line":123,"column":7}},{"start":{},"end":{}}]},"15":{"loc":{"start":{"line":115,"column":8},"end":{"line":117,"column":45}},"type":"binary-expr","locations":[{"start":{"line":115,"column":8},"end":{"line":115,"column":42}},{"start":{"line":116,"column":9},"end":{"line":116,"column":49}},{"start":{"line":117,"column":10},"end":{"line":117,"column":44}}]},"16":{"loc":{"start":{"line":125,"column":6},"end":{"line":134,"column":7}},"type":"if","locations":[{"start":{"line":125,"column":6},"end":{"line":134,"column":7}},{"start":{},"end":{}}]},"17":{"loc":{"start":{"line":126,"column":8},"end":{"line":128,"column":47}},"type":"binary-expr","locations":[{"start":{"line":126,"column":8},"end":{"line":126,"column":44}},{"start":{"line":127,"column":9},"end":{"line":127,"column":51}},{"start":{"line":128,"column":10},"end":{"line":128,"column":46}}]},"18":{"loc":{"start":{"line":136,"column":6},"end":{"line":144,"column":7}},"type":"if","locations":[{"start":{"line":136,"column":6},"end":{"line":144,"column":7}},{"start":{},"end":{}}]},"19":{"loc":{"start":{"line":137,"column":8},"end":{"line":138,"column":48}},"type":"binary-expr","locations":[{"start":{"line":137,"column":8},"end":{"line":137,"column":41}},{"start":{"line":138,"column":8},"end":{"line":138,"column":48}}]},"20":{"loc":{"start":{"line":146,"column":6},"end":{"line":155,"column":7}},"type":"if","locations":[{"start":{"line":146,"column":6},"end":{"line":155,"column":7}},{"start":{},"end":{}}]},"21":{"loc":{"start":{"line":147,"column":8},"end":{"line":149,"column":41}},"type":"binary-expr","locations":[{"start":{"line":147,"column":8},"end":{"line":147,"column":42}},{"start":{"line":148,"column":8},"end":{"line":148,"column":44}},{"start":{"line":149,"column":8},"end":{"line":149,"column":41}}]},"22":{"loc":{"start":{"line":168,"column":6},"end":{"line":176,"column":7}},"type":"if","locations":[{"start":{"line":168,"column":6},"end":{"line":176,"column":7}},{"start":{"line":172,"column":13},"end":{"line":176,"column":7}}]},"23":{"loc":{"start":{"line":185,"column":6},"end":{"line":190,"column":7}},"type":"if","locations":[{"start":{"line":185,"column":6},"end":{"line":190,"column":7}},{"start":{},"end":{}}]},"24":{"loc":{"start":{"line":185,"column":10},"end":{"line":185,"column":51}},"type":"binary-expr","locations":[{"start":{"line":185,"column":10},"end":{"line":185,"column":36}},{"start":{"line":185,"column":40},"end":{"line":185,"column":51}}]},"25":{"loc":{"start":{"line":192,"column":6},"end":{"line":197,"column":7}},"type":"if","locations":[{"start":{"line":192,"column":6},"end":{"line":197,"column":7}},{"start":{},"end":{}}]},"26":{"loc":{"start":{"line":192,"column":10},"end":{"line":192,"column":51}},"type":"binary-expr","locations":[{"start":{"line":192,"column":10},"end":{"line":192,"column":36}},{"start":{"line":192,"column":40},"end":{"line":192,"column":51}}]},"27":{"loc":{"start":{"line":209,"column":6},"end":{"line":217,"column":7}},"type":"if","locations":[{"start":{"line":209,"column":6},"end":{"line":217,"column":7}},{"start":{"line":213,"column":13},"end":{"line":217,"column":7}}]}},"s":{"0":0,"1":0,"2":0,"3":0,"4":0,"5":0,"6":0,"7":0,"8":0,"9":0,"10":0,"11":0,"12":0,"13":0,"14":0,"15":0,"16":0,"17":0,"18":0,"19":0,"20":0,"21":0,"22":0,"23":0,"24":0,"25":0,"26":0,"27":0,"28":0,"29":0,"30":0,"31":0,"32":0,"33":0,"34":0,"35":0,"36":0,"37":0,"38":0,"39":0,"40":0,"41":0,"42":0,"43":0,"44":0,"45":0,"46":0,"47":0,"48":0,"49":0,"50":0,"51":0,"52":0,"53":0,"54":0,"55":0,"56":0,"57":0,"58":0,"59":0,"60":0,"61":0,"62":0,"63":0},"f":{"0":0,"1":0,"2":0,"3":0,"4":0},"b":{"0":[0,0],"1":[0,0],"2":[0,0],"3":[0,0],"4":[0,0],"5":[0,0],"6":[0,0],"7":[0,0],"8":[0,0],"9":[0,0],"10":[0,0],"11":[0,0],"12":[0,0],"13":[0,0],"14":[0,0],"15":[0,0,0],"16":[0,0],"17":[0,0,0],"18":[0,0],"19":[0,0],"20":[0,0],"21":[0,0,0],"22":[0,0],"23":[0,0],"24":[0,0],"25":[0,0],"26":[0,0],"27":[0,0]}}
,"C:\\Users\\Thiago Ferreira\\Desktop\\scripts\\APIs faculdade\\api-exemplo\\APIs-academico\\api-com-jest\\src\\controllers\\UserController.ts": {"path":"C:\\Users\\Thiago Ferreira\\Desktop\\scripts\\APIs faculdade\\api-exemplo\\APIs-academico\\api-com-jest\\src\\controllers\\UserController.ts","statementMap":{"0":{"start":{"line":2,"column":0},"end":{"line":2,"column":52}},"1":{"start":{"line":13,"column":2},"end":{"line":32,"column":4}},"2":{"start":{"line":14,"column":4},"end":{"line":31,"column":5}},"3":{"start":{"line":15,"column":35},"end":{"line":15,"column":71}},"4":{"start":{"line":16,"column":6},"end":{"line":20,"column":9}},"5":{"start":{"line":22,"column":6},"end":{"line":30,"column":7}},"6":{"start":{"line":23,"column":8},"end":{"line":25,"column":60}},"7":{"start":{"line":27,"column":8},"end":{"line":29,"column":65}},"8":{"start":{"line":34,"column":2},"end":{"line":60,"column":4}},"9":{"start":{"line":35,"column":4},"end":{"line":59,"column":5}},"10":{"start":{"line":36,"column":22},"end":{"line":36,"column":43}},"11":{"start":{"line":38,"column":6},"end":{"line":43,"column":7}},"12":{"start":{"line":39,"column":8},"end":{"line":42,"column":11}},"13":{"start":{"line":45,"column":32},"end":{"line":45,"column":75}},"14":{"start":{"line":46,"column":6},"end":{"line":48,"column":77}},"15":{"start":{"line":50,"column":6},"end":{"line":58,"column":7}},"16":{"start":{"line":51,"column":8},"end":{"line":53,"column":60}},"17":{"start":{"line":55,"column":8},"end":{"line":57,"column":65}},"18":{"start":{"line":62,"column":2},"end":{"line":98,"column":4}},"19":{"start":{"line":63,"column":4},"end":{"line":97,"column":5}},"20":{"start":{"line":64,"column":24},"end":{"line":64,"column":50}},"21":{"start":{"line":66,"column":6},"end":{"line":71,"column":7}},"22":{"start":{"line":67,"column":8},"end":{"line":70,"column":11}},"23":{"start":{"line":73,"column":6},"end":{"line":77,"column":7}},"24":{"start":{"line":74,"column":8},"end":{"line":76,"column":80}},"25":{"start":{"line":79,"column":35},"end":{"line":80,"column":null}},"26":{"start":{"line":82,"column":6},"end":{"line":86,"column":9}},"27":{"start":{"line":88,"column":6},"end":{"line":96,"column":7}},"28":{"start":{"line":89,"column":8},"end":{"line":91,"column":60}},"29":{"start":{"line":93,"column":8},"end":{"line":95,"column":65}},"30":{"start":{"line":100,"column":2},"end":{"line":146,"column":4}},"31":{"start":{"line":101,"column":4},"end":{"line":145,"column":5}},"32":{"start":{"line":102,"column":21},"end":{"line":102,"column":43}},"33":{"start":{"line":103,"column":21},"end":{"line":103,"column":43}},"34":{"start":{"line":105,"column":6},"end":{"line":110,"column":7}},"35":{"start":{"line":106,"column":8},"end":{"line":109,"column":11}},"36":{"start":{"line":112,"column":6},"end":{"line":117,"column":7}},"37":{"start":{"line":113,"column":8},"end":{"line":116,"column":11}},"38":{"start":{"line":119,"column":6},"end":{"line":124,"column":7}},"39":{"start":{"line":120,"column":8},"end":{"line":123,"column":11}},"40":{"start":{"line":126,"column":35},"end":{"line":128,"column":null}},"41":{"start":{"line":130,"column":6},"end":{"line":134,"column":9}},"42":{"start":{"line":136,"column":6},"end":{"line":140,"column":7}},"43":{"start":{"line":137,"column":8},"end":{"line":139,"column":60}},"44":{"start":{"line":142,"column":6},"end":{"line":144,"column":63}},"45":{"start":{"line":148,"column":2},"end":{"line":254,"column":4}},"46":{"start":{"line":149,"column":4},"end":{"line":253,"column":5}},"47":{"start":{"line":150,"column":22},"end":{"line":150,"column":47}},"48":{"start":{"line":152,"column":6},"end":{"line":157,"column":7}},"49":{"start":{"line":153,"column":8},"end":{"line":156,"column":11}},"50":{"start":{"line":159,"column":6},"end":{"line":167,"column":7}},"51":{"start":{"line":163,"column":8},"end":{"line":166,"column":11}},"52":{"start":{"line":169,"column":6},"end":{"line":174,"column":7}},"53":{"start":{"line":170,"column":8},"end":{"line":173,"column":11}},"54":{"start":{"line":176,"column":6},"end":{"line":184,"column":7}},"55":{"start":{"line":180,"column":8},"end":{"line":183,"column":11}},"56":{"start":{"line":186,"column":6},"end":{"line":191,"column":7}},"57":{"start":{"line":187,"column":8},"end":{"line":190,"column":11}},"58":{"start":{"line":193,"column":6},"end":{"line":201,"column":7}},"59":{"start":{"line":197,"column":8},"end":{"line":200,"column":11}},"60":{"start":{"line":203,"column":6},"end":{"line":208,"column":7}},"61":{"start":{"line":204,"column":8},"end":{"line":207,"column":11}},"62":{"start":{"line":210,"column":6},"end":{"line":218,"column":7}},"63":{"start":{"line":214,"column":8},"end":{"line":217,"column":11}},"64":{"start":{"line":220,"column":6},"end":{"line":225,"column":7}},"65":{"start":{"line":221,"column":8},"end":{"line":224,"column":11}},"66":{"start":{"line":227,"column":6},"end":{"line":235,"column":7}},"67":{"start":{"line":231,"column":8},"end":{"line":234,"column":11}},"68":{"start":{"line":237,"column":32},"end":{"line":237,"column":74}},"69":{"start":{"line":238,"column":6},"end":{"line":242,"column":9}},"70":{"start":{"line":244,"column":6},"end":{"line":252,"column":7}},"71":{"start":{"line":245,"column":8},"end":{"line":247,"column":60}},"72":{"start":{"line":249,"column":8},"end":{"line":251,"column":65}},"73":{"start":{"line":256,"column":2},"end":{"line":375,"column":4}},"74":{"start":{"line":257,"column":4},"end":{"line":374,"column":5}},"75":{"start":{"line":258,"column":22},"end":{"line":258,"column":43}},"76":{"start":{"line":259,"column":26},"end":{"line":259,"column":54}},"77":{"start":{"line":261,"column":6},"end":{"line":266,"column":7}},"78":{"start":{"line":262,"column":8},"end":{"line":265,"column":11}},"79":{"start":{"line":268,"column":6},"end":{"line":272,"column":7}},"80":{"start":{"line":269,"column":8},"end":{"line":271,"column":80}},"81":{"start":{"line":274,"column":6},"end":{"line":279,"column":7}},"82":{"start":{"line":275,"column":8},"end":{"line":278,"column":11}},"83":{"start":{"line":281,"column":6},"end":{"line":289,"column":7}},"84":{"start":{"line":285,"column":8},"end":{"line":288,"column":11}},"85":{"start":{"line":291,"column":6},"end":{"line":296,"column":7}},"86":{"start":{"line":292,"column":8},"end":{"line":295,"column":11}},"87":{"start":{"line":298,"column":6},"end":{"line":306,"column":7}},"88":{"start":{"line":302,"column":8},"end":{"line":305,"column":11}},"89":{"start":{"line":308,"column":6},"end":{"line":313,"column":7}},"90":{"start":{"line":309,"column":8},"end":{"line":312,"column":11}},"91":{"start":{"line":315,"column":6},"end":{"line":323,"column":7}},"92":{"start":{"line":319,"column":8},"end":{"line":322,"column":11}},"93":{"start":{"line":325,"column":6},"end":{"line":330,"column":7}},"94":{"start":{"line":326,"column":8},"end":{"line":329,"column":11}},"95":{"start":{"line":332,"column":6},"end":{"line":340,"column":7}},"96":{"start":{"line":336,"column":8},"end":{"line":339,"column":11}},"97":{"start":{"line":342,"column":6},"end":{"line":347,"column":7}},"98":{"start":{"line":343,"column":8},"end":{"line":346,"column":11}},"99":{"start":{"line":349,"column":6},"end":{"line":357,"column":7}},"100":{"start":{"line":353,"column":8},"end":{"line":356,"column":11}},"101":{"start":{"line":359,"column":32},"end":{"line":361,"column":null}},"102":{"start":{"line":363,"column":6},"end":{"line":367,"column":9}},"103":{"start":{"line":369,"column":6},"end":{"line":373,"column":7}},"104":{"start":{"line":370,"column":8},"end":{"line":370,"column":77}},"105":{"start":{"line":372,"column":8},"end":{"line":372,"column":69}},"106":{"start":{"line":377,"column":2},"end":{"line":393,"column":4}},"107":{"start":{"line":378,"column":4},"end":{"line":392,"column":5}},"108":{"start":{"line":380,"column":8},"end":{"line":380,"column":54}},"109":{"start":{"line":381,"column":6},"end":{"line":385,"column":9}},"110":{"start":{"line":387,"column":6},"end":{"line":391,"column":7}},"111":{"start":{"line":388,"column":8},"end":{"line":388,"column":77}},"112":{"start":{"line":390,"column":8},"end":{"line":390,"column":69}},"113":{"start":{"line":10,"column":4},"end":{"line":10,"column":35}},"114":{"start":{"line":6,"column":0},"end":{"line":6,"column":13}}},"fnMap":{"0":{"name":"(anonymous_0)","decl":{"start":{"line":9,"column":2},"end":{"line":9,"column":14}},"loc":{"start":{"line":9,"column":38},"end":{"line":11,"column":3}}},"1":{"name":"(anonymous_1)","decl":{"start":{"line":13,"column":16},"end":{"line":13,"column":21}},"loc":{"start":{"line":13,"column":54},"end":{"line":32,"column":3}}},"2":{"name":"(anonymous_2)","decl":{"start":{"line":34,"column":16},"end":{"line":34,"column":21}},"loc":{"start":{"line":34,"column":54},"end":{"line":60,"column":3}}},"3":{"name":"(anonymous_3)","decl":{"start":{"line":62,"column":19},"end":{"line":62,"column":24}},"loc":{"start":{"line":62,"column":57},"end":{"line":98,"column":3}}},"4":{"name":"(anonymous_4)","decl":{"start":{"line":100,"column":25},"end":{"line":100,"column":30}},"loc":{"start":{"line":100,"column":63},"end":{"line":146,"column":3}}},"5":{"name":"(anonymous_5)","decl":{"start":{"line":148,"column":15},"end":{"line":148,"column":20}},"loc":{"start":{"line":148,"column":53},"end":{"line":254,"column":3}}},"6":{"name":"(anonymous_6)","decl":{"start":{"line":256,"column":12},"end":{"line":256,"column":17}},"loc":{"start":{"line":256,"column":50},"end":{"line":375,"column":3}}},"7":{"name":"(anonymous_7)","decl":{"start":{"line":377,"column":26},"end":{"line":377,"column":31}},"loc":{"start":{"line":377,"column":64},"end":{"line":393,"column":3}}}},"branchMap":{"0":{"loc":{"start":{"line":22,"column":6},"end":{"line":30,"column":7}},"type":"if","locations":[{"start":{"line":22,"column":6},"end":{"line":30,"column":7}},{"start":{"line":26,"column":13},"end":{"line":30,"column":7}}]},"1":{"loc":{"start":{"line":38,"column":6},"end":{"line":43,"column":7}},"type":"if","locations":[{"start":{"line":38,"column":6},"end":{"line":43,"column":7}},{"start":{},"end":{}}]},"2":{"loc":{"start":{"line":38,"column":10},"end":{"line":38,"column":51}},"type":"binary-expr","locations":[{"start":{"line":38,"column":10},"end":{"line":38,"column":36}},{"start":{"line":38,"column":40},"end":{"line":38,"column":51}}]},"3":{"loc":{"start":{"line":50,"column":6},"end":{"line":58,"column":7}},"type":"if","locations":[{"start":{"line":50,"column":6},"end":{"line":58,"column":7}},{"start":{"line":54,"column":13},"end":{"line":58,"column":7}}]},"4":{"loc":{"start":{"line":66,"column":6},"end":{"line":71,"column":7}},"type":"if","locations":[{"start":{"line":66,"column":6},"end":{"line":71,"column":7}},{"start":{},"end":{}}]},"5":{"loc":{"start":{"line":73,"column":6},"end":{"line":77,"column":7}},"type":"if","locations":[{"start":{"line":73,"column":6},"end":{"line":77,"column":7}},{"start":{},"end":{}}]},"6":{"loc":{"start":{"line":73,"column":10},"end":{"line":73,"column":66}},"type":"binary-expr","locations":[{"start":{"line":73,"column":10},"end":{"line":73,"column":39}},{"start":{"line":73,"column":43},"end":{"line":73,"column":66}}]},"7":{"loc":{"start":{"line":88,"column":6},"end":{"line":96,"column":7}},"type":"if","locations":[{"start":{"line":88,"column":6},"end":{"line":96,"column":7}},{"start":{"line":92,"column":13},"end":{"line":96,"column":7}}]},"8":{"loc":{"start":{"line":105,"column":6},"end":{"line":110,"column":7}},"type":"if","locations":[{"start":{"line":105,"column":6},"end":{"line":110,"column":7}},{"start":{},"end":{}}]},"9":{"loc":{"start":{"line":105,"column":10},"end":{"line":105,"column":49}},"type":"binary-expr","locations":[{"start":{"line":105,"column":10},"end":{"line":105,"column":35}},{"start":{"line":105,"column":39},"end":{"line":105,"column":49}}]},"10":{"loc":{"start":{"line":112,"column":6},"end":{"line":117,"column":7}},"type":"if","locations":[{"start":{"line":112,"column":6},"end":{"line":117,"column":7}},{"start":{},"end":{}}]},"11":{"loc":{"start":{"line":112,"column":10},"end":{"line":112,"column":49}},"type":"binary-expr","locations":[{"start":{"line":112,"column":10},"end":{"line":112,"column":35}},{"start":{"line":112,"column":39},"end":{"line":112,"column":49}}]},"12":{"loc":{"start":{"line":119,"column":6},"end":{"line":124,"column":7}},"type":"if","locations":[{"start":{"line":119,"column":6},"end":{"line":124,"column":7}},{"start":{},"end":{}}]},"13":{"loc":{"start":{"line":136,"column":6},"end":{"line":140,"column":7}},"type":"if","locations":[{"start":{"line":136,"column":6},"end":{"line":140,"column":7}},{"start":{},"end":{}}]},"14":{"loc":{"start":{"line":152,"column":6},"end":{"line":157,"column":7}},"type":"if","locations":[{"start":{"line":152,"column":6},"end":{"line":157,"column":7}},{"start":{},"end":{}}]},"15":{"loc":{"start":{"line":159,"column":6},"end":{"line":167,"column":7}},"type":"if","locations":[{"start":{"line":159,"column":6},"end":{"line":167,"column":7}},{"start":{},"end":{}}]},"16":{"loc":{"start":{"line":160,"column":8},"end":{"line":161,"column":39}},"type":"binary-expr","locations":[{"start":{"line":160,"column":8},"end":{"line":160,"column":45}},{"start":{"line":161,"column":8},"end":{"line":161,"column":39}}]},"17":{"loc":{"start":{"line":169,"column":6},"end":{"line":174,"column":7}},"type":"if","locations":[{"start":{"line":169,"column":6},"end":{"line":174,"column":7}},{"start":{},"end":{}}]},"18":{"loc":{"start":{"line":176,"column":6},"end":{"line":184,"column":7}},"type":"if","locations":[{"start":{"line":176,"column":6},"end":{"line":184,"column":7}},{"start":{},"end":{}}]},"19":{"loc":{"start":{"line":177,"column":8},"end":{"line":178,"column":40}},"type":"binary-expr","locations":[{"start":{"line":177,"column":8},"end":{"line":177,"column":46}},{"start":{"line":178,"column":8},"end":{"line":178,"column":40}}]},"20":{"loc":{"start":{"line":186,"column":6},"end":{"line":191,"column":7}},"type":"if","locations":[{"start":{"line":186,"column":6},"end":{"line":191,"column":7}},{"start":{},"end":{}}]},"21":{"loc":{"start":{"line":193,"column":6},"end":{"line":201,"column":7}},"type":"if","locations":[{"start":{"line":193,"column":6},"end":{"line":201,"column":7}},{"start":{},"end":{}}]},"22":{"loc":{"start":{"line":194,"column":8},"end":{"line":195,"column":71}},"type":"binary-expr","locations":[{"start":{"line":194,"column":8},"end":{"line":194,"column":45}},{"start":{"line":195,"column":9},"end":{"line":195,"column":38}},{"start":{"line":195,"column":42},"end":{"line":195,"column":70}}]},"23":{"loc":{"start":{"line":203,"column":6},"end":{"line":208,"column":7}},"type":"if","locations":[{"start":{"line":203,"column":6},"end":{"line":208,"column":7}},{"start":{},"end":{}}]},"24":{"loc":{"start":{"line":210,"column":6},"end":{"line":218,"column":7}},"type":"if","locations":[{"start":{"line":210,"column":6},"end":{"line":218,"column":7}},{"start":{},"end":{}}]},"25":{"loc":{"start":{"line":211,"column":8},"end":{"line":212,"column":39}},"type":"binary-expr","locations":[{"start":{"line":211,"column":8},"end":{"line":211,"column":45}},{"start":{"line":212,"column":8},"end":{"line":212,"column":39}}]},"26":{"loc":{"start":{"line":220,"column":6},"end":{"line":225,"column":7}},"type":"if","locations":[{"start":{"line":220,"column":6},"end":{"line":225,"column":7}},{"start":{},"end":{}}]},"27":{"loc":{"start":{"line":227,"column":6},"end":{"line":235,"column":7}},"type":"if","locations":[{"start":{"line":227,"column":6},"end":{"line":235,"column":7}},{"start":{},"end":{}}]},"28":{"loc":{"start":{"line":228,"column":8},"end":{"line":229,"column":43}},"type":"binary-expr","locations":[{"start":{"line":228,"column":8},"end":{"line":228,"column":49}},{"start":{"line":229,"column":8},"end":{"line":229,"column":43}}]},"29":{"loc":{"start":{"line":244,"column":6},"end":{"line":252,"column":7}},"type":"if","locations":[{"start":{"line":244,"column":6},"end":{"line":252,"column":7}},{"start":{"line":248,"column":13},"end":{"line":252,"column":7}}]},"30":{"loc":{"start":{"line":261,"column":6},"end":{"line":266,"column":7}},"type":"if","locations":[{"start":{"line":261,"column":6},"end":{"line":266,"column":7}},{"start":{},"end":{}}]},"31":{"loc":{"start":{"line":261,"column":10},"end":{"line":261,"column":51}},"type":"binary-expr","locations":[{"start":{"line":261,"column":10},"end":{"line":261,"column":36}},{"start":{"line":261,"column":40},"end":{"line":261,"column":51}}]},"32":{"loc":{"start":{"line":268,"column":6},"end":{"line":272,"column":7}},"type":"if","locations":[{"start":{"line":268,"column":6},"end":{"line":272,"column":7}},{"start":{},"end":{}}]},"33":{"loc":{"start":{"line":268,"column":10},"end":{"line":268,"column":52}},"type":"binary-expr","locations":[{"start":{"line":268,"column":10},"end":{"line":268,"column":37}},{"start":{"line":268,"column":41},"end":{"line":268,"column":52}}]},"34":{"loc":{"start":{"line":274,"column":6},"end":{"line":279,"column":7}},"type":"if","locations":[{"start":{"line":274,"column":6},"end":{"line":279,"column":7}},{"start":{},"end":{}}]},"35":{"loc":{"start":{"line":281,"column":6},"end":{"line":289,"column":7}},"type":"if","locations":[{"start":{"line":281,"column":6},"end":{"line":289,"column":7}},{"start":{},"end":{}}]},"36":{"loc":{"start":{"line":282,"column":8},"end":{"line":283,"column":43}},"type":"binary-expr","locations":[{"start":{"line":282,"column":8},"end":{"line":282,"column":49}},{"start":{"line":283,"column":8},"end":{"line":283,"column":43}}]},"37":{"loc":{"start":{"line":291,"column":6},"end":{"line":296,"column":7}},"type":"if","locations":[{"start":{"line":291,"column":6},"end":{"line":296,"column":7}},{"start":{},"end":{}}]},"38":{"loc":{"start":{"line":298,"column":6},"end":{"line":306,"column":7}},"type":"if","locations":[{"start":{"line":298,"column":6},"end":{"line":306,"column":7}},{"start":{},"end":{}}]},"39":{"loc":{"start":{"line":299,"column":8},"end":{"line":300,"column":44}},"type":"binary-expr","locations":[{"start":{"line":299,"column":8},"end":{"line":299,"column":50}},{"start":{"line":300,"column":8},"end":{"line":300,"column":44}}]},"40":{"loc":{"start":{"line":308,"column":6},"end":{"line":313,"column":7}},"type":"if","locations":[{"start":{"line":308,"column":6},"end":{"line":313,"column":7}},{"start":{},"end":{}}]},"41":{"loc":{"start":{"line":315,"column":6},"end":{"line":323,"column":7}},"type":"if","locations":[{"start":{"line":315,"column":6},"end":{"line":323,"column":7}},{"start":{},"end":{}}]},"42":{"loc":{"start":{"line":316,"column":8},"end":{"line":317,"column":79}},"type":"binary-expr","locations":[{"start":{"line":316,"column":8},"end":{"line":316,"column":49}},{"start":{"line":317,"column":9},"end":{"line":317,"column":42}},{"start":{"line":317,"column":46},"end":{"line":317,"column":78}}]},"43":{"loc":{"start":{"line":325,"column":6},"end":{"line":330,"column":7}},"type":"if","locations":[{"start":{"line":325,"column":6},"end":{"line":330,"column":7}},{"start":{},"end":{}}]},"44":{"loc":{"start":{"line":332,"column":6},"end":{"line":340,"column":7}},"type":"if","locations":[{"start":{"line":332,"column":6},"end":{"line":340,"column":7}},{"start":{},"end":{}}]},"45":{"loc":{"start":{"line":333,"column":8},"end":{"line":334,"column":43}},"type":"binary-expr","locations":[{"start":{"line":333,"column":8},"end":{"line":333,"column":49}},{"start":{"line":334,"column":8},"end":{"line":334,"column":43}}]},"46":{"loc":{"start":{"line":342,"column":6},"end":{"line":347,"column":7}},"type":"if","locations":[{"start":{"line":342,"column":6},"end":{"line":347,"column":7}},{"start":{},"end":{}}]},"47":{"loc":{"start":{"line":349,"column":6},"end":{"line":357,"column":7}},"type":"if","locations":[{"start":{"line":349,"column":6},"end":{"line":357,"column":7}},{"start":{},"end":{}}]},"48":{"loc":{"start":{"line":350,"column":8},"end":{"line":351,"column":47}},"type":"binary-expr","locations":[{"start":{"line":350,"column":8},"end":{"line":350,"column":53}},{"start":{"line":351,"column":8},"end":{"line":351,"column":47}}]},"49":{"loc":{"start":{"line":369,"column":6},"end":{"line":373,"column":7}},"type":"if","locations":[{"start":{"line":369,"column":6},"end":{"line":373,"column":7}},{"start":{"line":371,"column":13},"end":{"line":373,"column":7}}]},"50":{"loc":{"start":{"line":387,"column":6},"end":{"line":391,"column":7}},"type":"if","locations":[{"start":{"line":387,"column":6},"end":{"line":391,"column":7}},{"start":{"line":389,"column":13},"end":{"line":391,"column":7}}]}},"s":{"0":0,"1":0,"2":0,"3":0,"4":0,"5":0,"6":0,"7":0,"8":0,"9":0,"10":0,"11":0,"12":0,"13":0,"14":0,"15":0,"16":0,"17":0,"18":0,"19":0,"20":0,"21":0,"22":0,"23":0,"24":0,"25":0,"26":0,"27":0,"28":0,"29":0,"30":0,"31":0,"32":0,"33":0,"34":0,"35":0,"36":0,"37":0,"38":0,"39":0,"40":0,"41":0,"42":0,"43":0,"44":0,"45":0,"46":0,"47":0,"48":0,"49":0,"50":0,"51":0,"52":0,"53":0,"54":0,"55":0,"56":0,"57":0,"58":0,"59":0,"60":0,"61":0,"62":0,"63":0,"64":0,"65":0,"66":0,"67":0,"68":0,"69":0,"70":0,"71":0,"72":0,"73":0,"74":0,"75":0,"76":0,"77":0,"78":0,"79":0,"80":0,"81":0,"82":0,"83":0,"84":0,"85":0,"86":0,"87":0,"88":0,"89":0,"90":0,"91":0,"92":0,"93":0,"94":0,"95":0,"96":0,"97":0,"98":0,"99":0,"100":0,"101":0,"102":0,"103":0,"104":0,"105":0,"106":0,"107":0,"108":0,"109":0,"110":0,"111":0,"112":0,"113":0,"114":0},"f":{"0":0,"1":0,"2":0,"3":0,"4":0,"5":0,"6":0,"7":0},"b":{"0":[0,0],"1":[0,0],"2":[0,0],"3":[0,0],"4":[0,0],"5":[0,0],"6":[0,0],"7":[0,0],"8":[0,0],"9":[0,0],"10":[0,0],"11":[0,0],"12":[0,0],"13":[0,0],"14":[0,0],"15":[0,0],"16":[0,0],"17":[0,0],"18":[0,0],"19":[0,0],"20":[0,0],"21":[0,0],"22":[0,0,0],"23":[0,0],"24":[0,0],"25":[0,0],"26":[0,0],"27":[0,0],"28":[0,0],"29":[0,0],"30":[0,0],"31":[0,0],"32":[0,0],"33":[0,0],"34":[0,0],"35":[0,0],"36":[0,0],"37":[0,0],"38":[0,0],"39":[0,0],"40":[0,0],"41":[0,0],"42":[0,0,0],"43":[0,0],"44":[0,0],"45":[0,0],"46":[0,0],"47":[0,0],"48":[0,0],"49":[0,0],"50":[0,0]}}
,"C:\\Users\\Thiago Ferreira\\Desktop\\scripts\\APIs faculdade\\api-exemplo\\APIs-academico\\api-com-jest\\src\\models\\Post.ts": {"path":"C:\\Users\\Thiago Ferreira\\Desktop\\scripts\\APIs faculdade\\api-exemplo\\APIs-academico\\api-com-jest\\src\\models\\Post.ts","statementMap":{"0":{"start":{"line":1,"column":0},"end":{"line":1,"column":45}},"1":{"start":{"line":2,"column":0},"end":{"line":2,"column":41}},"2":{"start":{"line":3,"column":0},"end":{"line":3,"column":30}},"3":{"start":{"line":5,"column":0},"end":{"line":5,"column":13}},"4":{"start":{"line":14,"column":0},"end":{"line":61,"column":2}},"5":{"start":{"line":63,"column":0},"end":{"line":63,"column":63}},"6":{"start":{"line":64,"column":0},"end":{"line":64,"column":59}}},"fnMap":{},"branchMap":{},"s":{"0":0,"1":0,"2":0,"3":0,"4":0,"5":0,"6":0},"f":{},"b":{}}
,"C:\\Users\\Thiago Ferreira\\Desktop\\scripts\\APIs faculdade\\api-exemplo\\APIs-academico\\api-com-jest\\src\\models\\User.ts": {"path":"C:\\Users\\Thiago Ferreira\\Desktop\\scripts\\APIs faculdade\\api-exemplo\\APIs-academico\\api-com-jest\\src\\models\\User.ts","statementMap":{"0":{"start":{"line":1,"column":0},"end":{"line":1,"column":45}},"1":{"start":{"line":2,"column":0},"end":{"line":2,"column":41}},"2":{"start":{"line":4,"column":0},"end":{"line":4,"column":13}},"3":{"start":{"line":13,"column":0},"end":{"line":50,"column":2}}},"fnMap":{},"branchMap":{},"s":{"0":0,"1":0,"2":0,"3":0},"f":{},"b":{}}
,"C:\\Users\\Thiago Ferreira\\Desktop\\scripts\\APIs faculdade\\api-exemplo\\APIs-academico\\api-com-jest\\src\\repositories\\PostRepository.ts": {"path":"C:\\Users\\Thiago Ferreira\\Desktop\\scripts\\APIs faculdade\\api-exemplo\\APIs-academico\\api-com-jest\\src\\repositories\\PostRepository.ts","statementMap":{"0":{"start":{"line":1,"column":0},"end":{"line":1,"column":41}},"1":{"start":{"line":2,"column":0},"end":{"line":2,"column":39}},"2":{"start":{"line":12,"column":2},"end":{"line":30,"column":4}},"3":{"start":{"line":13,"column":21},"end":{"line":19,"column":6}},"4":{"start":{"line":21,"column":4},"end":{"line":29,"column":5}},"5":{"start":{"line":22,"column":21},"end":{"line":24,"column":8}},"6":{"start":{"line":26,"column":6},"end":{"line":26,"column":38}},"7":{"start":{"line":28,"column":6},"end":{"line":28,"column":18}},"8":{"start":{"line":32,"column":2},"end":{"line":54,"column":4}},"9":{"start":{"line":33,"column":21},"end":{"line":38,"column":6}},"10":{"start":{"line":40,"column":4},"end":{"line":53,"column":5}},"11":{"start":{"line":41,"column":21},"end":{"line":48,"column":8}},"12":{"start":{"line":50,"column":6},"end":{"line":50,"column":30}},"13":{"start":{"line":52,"column":6},"end":{"line":52,"column":18}},"14":{"start":{"line":56,"column":2},"end":{"line":69,"column":4}},"15":{"start":{"line":57,"column":21},"end":{"line":61,"column":4}},"16":{"start":{"line":63,"column":19},"end":{"line":66,"column":6}},"17":{"start":{"line":68,"column":4},"end":{"line":68,"column":33}},"18":{"start":{"line":71,"column":2},"end":{"line":111,"column":4}},"19":{"start":{"line":75,"column":29},"end":{"line":75,"column":31}},"20":{"start":{"line":76,"column":30},"end":{"line":76,"column":41}},"21":{"start":{"line":78,"column":4},"end":{"line":81,"column":5}},"22":{"start":{"line":79,"column":6},"end":{"line":79,"column":46}},"23":{"start":{"line":80,"column":6},"end":{"line":80,"column":62}},"24":{"start":{"line":83,"column":4},"end":{"line":86,"column":5}},"25":{"start":{"line":84,"column":6},"end":{"line":84,"column":50}},"26":{"start":{"line":85,"column":6},"end":{"line":85,"column":66}},"27":{"start":{"line":88,"column":4},"end":{"line":91,"column":5}},"28":{"start":{"line":89,"column":6},"end":{"line":89,"column":44}},"29":{"start":{"line":90,"column":6},"end":{"line":90,"column":53}},"30":{"start":{"line":93,"column":21},"end":{"line":99,"column":4}},"31":{"start":{"line":101,"column":4},"end":{"line":110,"column":5}},"32":{"start":{"line":102,"column":21},"end":{"line":105,"column":8}},"33":{"start":{"line":107,"column":6},"end":{"line":107,"column":30}},"34":{"start":{"line":109,"column":6},"end":{"line":109,"column":18}},"35":{"start":{"line":113,"column":2},"end":{"line":131,"column":4}},"36":{"start":{"line":114,"column":21},"end":{"line":119,"column":4}},"37":{"start":{"line":121,"column":4},"end":{"line":130,"column":5}},"38":{"start":{"line":122,"column":21},"end":{"line":125,"column":8}},"39":{"start":{"line":127,"column":6},"end":{"line":127,"column":30}},"40":{"start":{"line":129,"column":6},"end":{"line":129,"column":18}},"41":{"start":{"line":11,"column":0},"end":{"line":11,"column":13}}},"fnMap":{"0":{"name":"(anonymous_1)","decl":{"start":{"line":11,"column":0},"end":{"line":11,"column":13}},"loc":{"start":{"line":11,"column":0},"end":{"line":132,"column":1}}},"1":{"name":"(anonymous_2)","decl":{"start":{"line":12,"column":15},"end":{"line":12,"column":20}},"loc":{"start":{"line":12,"column":51},"end":{"line":30,"column":3}}},"2":{"name":"(anonymous_3)","decl":{"start":{"line":32,"column":15},"end":{"line":32,"column":20}},"loc":{"start":{"line":32,"column":62},"end":{"line":54,"column":3}}},"3":{"name":"(anonymous_4)","decl":{"start":{"line":56,"column":16},"end":{"line":56,"column":21}},"loc":{"start":{"line":56,"column":64},"end":{"line":69,"column":3}}},"4":{"name":"(anonymous_5)","decl":{"start":{"line":71,"column":14},"end":{"line":71,"column":19}},"loc":{"start":{"line":74,"column":23},"end":{"line":111,"column":3}}},"5":{"name":"(anonymous_6)","decl":{"start":{"line":113,"column":15},"end":{"line":113,"column":20}},"loc":{"start":{"line":113,"column":58},"end":{"line":131,"column":3}}}},"branchMap":{"0":{"loc":{"start":{"line":78,"column":4},"end":{"line":81,"column":5}},"type":"if","locations":[{"start":{"line":78,"column":4},"end":{"line":81,"column":5}},{"start":{},"end":{}}]},"1":{"loc":{"start":{"line":83,"column":4},"end":{"line":86,"column":5}},"type":"if","locations":[{"start":{"line":83,"column":4},"end":{"line":86,"column":5}},{"start":{},"end":{}}]},"2":{"loc":{"start":{"line":88,"column":4},"end":{"line":91,"column":5}},"type":"if","locations":[{"start":{"line":88,"column":4},"end":{"line":91,"column":5}},{"start":{},"end":{}}]}},"s":{"0":0,"1":0,"2":0,"3":0,"4":0,"5":0,"6":0,"7":0,"8":0,"9":0,"10":0,"11":0,"12":0,"13":0,"14":0,"15":0,"16":0,"17":0,"18":0,"19":0,"20":0,"21":0,"22":0,"23":0,"24":0,"25":0,"26":0,"27":0,"28":0,"29":0,"30":0,"31":0,"32":0,"33":0,"34":0,"35":0,"36":0,"37":0,"38":0,"39":0,"40":0,"41":0},"f":{"0":0,"1":0,"2":0,"3":0,"4":0,"5":0},"b":{"0":[0,0],"1":[0,0],"2":[0,0]}}
,"C:\\Users\\Thiago Ferreira\\Desktop\\scripts\\APIs faculdade\\api-exemplo\\APIs-academico\\api-com-jest\\src\\repositories\\UserRepository.ts": {"path":"C:\\Users\\Thiago Ferreira\\Desktop\\scripts\\APIs faculdade\\api-exemplo\\APIs-academico\\api-com-jest\\src\\repositories\\UserRepository.ts","statementMap":{"0":{"start":{"line":1,"column":0},"end":{"line":1,"column":41}},"1":{"start":{"line":9,"column":0},"end":{"line":9,"column":39}},"2":{"start":{"line":13,"column":2},"end":{"line":35,"column":4}},"3":{"start":{"line":14,"column":21},"end":{"line":24,"column":4}},"4":{"start":{"line":26,"column":4},"end":{"line":34,"column":5}},"5":{"start":{"line":27,"column":24},"end":{"line":29,"column":8}},"6":{"start":{"line":31,"column":6},"end":{"line":31,"column":23}},"7":{"start":{"line":33,"column":6},"end":{"line":33,"column":18}},"8":{"start":{"line":37,"column":2},"end":{"line":52,"column":4}},"9":{"start":{"line":38,"column":21},"end":{"line":40,"column":6}},"10":{"start":{"line":42,"column":4},"end":{"line":51,"column":5}},"11":{"start":{"line":43,"column":21},"end":{"line":46,"column":8}},"12":{"start":{"line":48,"column":6},"end":{"line":48,"column":38}},"13":{"start":{"line":50,"column":6},"end":{"line":50,"column":18}},"14":{"start":{"line":54,"column":2},"end":{"line":69,"column":4}},"15":{"start":{"line":55,"column":21},"end":{"line":57,"column":6}},"16":{"start":{"line":59,"column":4},"end":{"line":68,"column":5}},"17":{"start":{"line":60,"column":21},"end":{"line":63,"column":8}},"18":{"start":{"line":65,"column":6},"end":{"line":65,"column":39}},"19":{"start":{"line":67,"column":6},"end":{"line":67,"column":18}},"20":{"start":{"line":71,"column":2},"end":{"line":94,"column":4}},"21":{"start":{"line":72,"column":21},"end":{"line":82,"column":6}},"22":{"start":{"line":84,"column":4},"end":{"line":93,"column":5}},"23":{"start":{"line":85,"column":24},"end":{"line":88,"column":8}},"24":{"start":{"line":90,"column":6},"end":{"line":90,"column":40}},"25":{"start":{"line":92,"column":6},"end":{"line":92,"column":18}},"26":{"start":{"line":96,"column":2},"end":{"line":122,"column":4}},"27":{"start":{"line":97,"column":21},"end":{"line":108,"column":6}},"28":{"start":{"line":110,"column":22},"end":{"line":110,"column":45}},"29":{"start":{"line":112,"column":4},"end":{"line":121,"column":5}},"30":{"start":{"line":113,"column":24},"end":{"line":116,"column":8}},"31":{"start":{"line":118,"column":6},"end":{"line":118,"column":40}},"32":{"start":{"line":120,"column":6},"end":{"line":120,"column":18}},"33":{"start":{"line":124,"column":2},"end":{"line":151,"column":4}},"34":{"start":{"line":128,"column":21},"end":{"line":139,"column":6}},"35":{"start":{"line":141,"column":4},"end":{"line":150,"column":5}},"36":{"start":{"line":142,"column":24},"end":{"line":145,"column":8}},"37":{"start":{"line":147,"column":6},"end":{"line":147,"column":40}},"38":{"start":{"line":149,"column":6},"end":{"line":149,"column":18}},"39":{"start":{"line":153,"column":2},"end":{"line":176,"column":4}},"40":{"start":{"line":154,"column":21},"end":{"line":158,"column":6}},"41":{"start":{"line":160,"column":4},"end":{"line":175,"column":5}},"42":{"start":{"line":161,"column":21},"end":{"line":170,"column":8}},"43":{"start":{"line":172,"column":6},"end":{"line":172,"column":37}},"44":{"start":{"line":174,"column":6},"end":{"line":174,"column":18}},"45":{"start":{"line":178,"column":2},"end":{"line":217,"column":4}},"46":{"start":{"line":182,"column":21},"end":{"line":198,"column":4}},"47":{"start":{"line":200,"column":4},"end":{"line":216,"column":5}},"48":{"start":{"line":201,"column":21},"end":{"line":211,"column":8}},"49":{"start":{"line":213,"column":6},"end":{"line":213,"column":37}},"50":{"start":{"line":215,"column":6},"end":{"line":215,"column":18}},"51":{"start":{"line":219,"column":2},"end":{"line":241,"column":4}},"52":{"start":{"line":220,"column":21},"end":{"line":230,"column":4}},"53":{"start":{"line":232,"column":4},"end":{"line":240,"column":5}},"54":{"start":{"line":233,"column":21},"end":{"line":235,"column":8}},"55":{"start":{"line":237,"column":6},"end":{"line":237,"column":37}},"56":{"start":{"line":239,"column":6},"end":{"line":239,"column":18}},"57":{"start":{"line":12,"column":0},"end":{"line":12,"column":13}}},"fnMap":{"0":{"name":"(anonymous_1)","decl":{"start":{"line":12,"column":0},"end":{"line":12,"column":13}},"loc":{"start":{"line":12,"column":0},"end":{"line":242,"column":1}}},"1":{"name":"(anonymous_2)","decl":{"start":{"line":13,"column":16},"end":{"line":13,"column":21}},"loc":{"start":{"line":13,"column":51},"end":{"line":35,"column":3}}},"2":{"name":"(anonymous_3)","decl":{"start":{"line":37,"column":21},"end":{"line":37,"column":26}},"loc":{"start":{"line":37,"column":72},"end":{"line":52,"column":3}}},"3":{"name":"(anonymous_4)","decl":{"start":{"line":54,"column":14},"end":{"line":54,"column":19}},"loc":{"start":{"line":54,"column":66},"end":{"line":69,"column":3}}},"4":{"name":"(anonymous_5)","decl":{"start":{"line":71,"column":16},"end":{"line":71,"column":21}},"loc":{"start":{"line":71,"column":66},"end":{"line":94,"column":3}}},"5":{"name":"(anonymous_6)","decl":{"start":{"line":96,"column":19},"end":{"line":96,"column":24}},"loc":{"start":{"line":96,"column":71},"end":{"line":122,"column":3}}},"6":{"name":"(anonymous_7)","decl":{"start":{"line":124,"column":25},"end":{"line":124,"column":30}},"loc":{"start":{"line":127,"column":30},"end":{"line":151,"column":3}}},"7":{"name":"(anonymous_8)","decl":{"start":{"line":153,"column":15},"end":{"line":153,"column":20}},"loc":{"start":{"line":153,"column":67},"end":{"line":176,"column":3}}},"8":{"name":"(anonymous_9)","decl":{"start":{"line":178,"column":12},"end":{"line":178,"column":17}},"loc":{"start":{"line":181,"column":30},"end":{"line":217,"column":3}}},"9":{"name":"(anonymous_10)","decl":{"start":{"line":219,"column":26},"end":{"line":219,"column":31}},"loc":{"start":{"line":219,"column":61},"end":{"line":241,"column":3}}}},"branchMap":{},"s":{"0":0,"1":0,"2":0,"3":0,"4":0,"5":0,"6":0,"7":0,"8":0,"9":0,"10":0,"11":0,"12":0,"13":0,"14":0,"15":0,"16":0,"17":0,"18":0,"19":0,"20":0,"21":0,"22":0,"23":0,"24":0,"25":0,"26":0,"27":0,"28":0,"29":0,"30":0,"31":0,"32":0,"33":0,"34":0,"35":0,"36":0,"37":0,"38":0,"39":0,"40":0,"41":0,"42":0,"43":0,"44":0,"45":0,"46":0,"47":0,"48":0,"49":0,"50":0,"51":0,"52":0,"53":0,"54":0,"55":0,"56":0,"57":0},"f":{"0":0,"1":0,"2":0,"3":0,"4":0,"5":0,"6":0,"7":0,"8":0,"9":0},"b":{}}
,"C:\\Users\\Thiago Ferreira\\Desktop\\scripts\\APIs faculdade\\api-exemplo\\APIs-academico\\api-com-jest\\src\\routes\\PostRouter.ts": {"path":"C:\\Users\\Thiago Ferreira\\Desktop\\scripts\\APIs faculdade\\api-exemplo\\APIs-academico\\api-com-jest\\src\\routes\\PostRouter.ts","statementMap":{"0":{"start":{"line":1,"column":0},"end":{"line":1,"column":52}},"1":{"start":{"line":2,"column":0},"end":{"line":2,"column":63}},"2":{"start":{"line":4,"column":23},"end":{"line":4,"column":43}},"3":{"start":{"line":6,"column":23},"end":{"line":6,"column":31}},"4":{"start":{"line":8,"column":0},"end":{"line":10,"column":2}},"5":{"start":{"line":9,"column":2},"end":{"line":9,"column":37}},"6":{"start":{"line":12,"column":0},"end":{"line":14,"column":2}},"7":{"start":{"line":13,"column":2},"end":{"line":13,"column":37}},"8":{"start":{"line":16,"column":0},"end":{"line":19,"column":2}},"9":{"start":{"line":18,"column":35},"end":{"line":18,"column":69}},"10":{"start":{"line":21,"column":0},"end":{"line":24,"column":2}},"11":{"start":{"line":23,"column":35},"end":{"line":23,"column":70}},"12":{"start":{"line":26,"column":0},"end":{"line":26,"column":22}}},"fnMap":{"0":{"name":"(anonymous_0)","decl":{"start":{"line":8,"column":16},"end":{"line":8,"column":17}},"loc":{"start":{"line":9,"column":2},"end":{"line":9,"column":37}}},"1":{"name":"(anonymous_1)","decl":{"start":{"line":12,"column":24},"end":{"line":12,"column":25}},"loc":{"start":{"line":13,"column":2},"end":{"line":13,"column":37}}},"2":{"name":"(anonymous_2)","decl":{"start":{"line":18,"column":2},"end":{"line":18,"column":3}},"loc":{"start":{"line":18,"column":35},"end":{"line":18,"column":69}}},"3":{"name":"(anonymous_3)","decl":{"start":{"line":23,"column":2},"end":{"line":23,"column":3}},"loc":{"start":{"line":23,"column":35},"end":{"line":23,"column":70}}}},"branchMap":{},"s":{"0":0,"1":0,"2":0,"3":0,"4":0,"5":0,"6":0,"7":0,"8":0,"9":0,"10":0,"11":0,"12":0},"f":{"0":0,"1":0,"2":0,"3":0},"b":{}}
,"C:\\Users\\Thiago Ferreira\\Desktop\\scripts\\APIs faculdade\\api-exemplo\\APIs-academico\\api-com-jest\\src\\routes\\UserRouter.ts": {"path":"C:\\Users\\Thiago Ferreira\\Desktop\\scripts\\APIs faculdade\\api-exemplo\\APIs-academico\\api-com-jest\\src\\routes\\UserRouter.ts","statementMap":{"0":{"start":{"line":1,"column":0},"end":{"line":1,"column":63}},"1":{"start":{"line":2,"column":0},"end":{"line":2,"column":52}},"2":{"start":{"line":3,"column":0},"end":{"line":3,"column":54}},"3":{"start":{"line":4,"column":0},"end":{"line":4,"column":64}},"4":{"start":{"line":6,"column":23},"end":{"line":6,"column":43}},"5":{"start":{"line":7,"column":20},"end":{"line":7,"column":51}},"6":{"start":{"line":8,"column":23},"end":{"line":8,"column":54}},"7":{"start":{"line":10,"column":23},"end":{"line":10,"column":31}},"8":{"start":{"line":12,"column":0},"end":{"line":14,"column":2}},"9":{"start":{"line":13,"column":2},"end":{"line":13,"column":38}},"10":{"start":{"line":15,"column":0},"end":{"line":17,"column":2}},"11":{"start":{"line":16,"column":2},"end":{"line":16,"column":38}},"12":{"start":{"line":19,"column":0},"end":{"line":21,"column":2}},"13":{"start":{"line":20,"column":2},"end":{"line":20,"column":41}},"14":{"start":{"line":23,"column":0},"end":{"line":25,"column":2}},"15":{"start":{"line":24,"column":2},"end":{"line":24,"column":47}},"16":{"start":{"line":27,"column":0},"end":{"line":29,"column":2}},"17":{"start":{"line":28,"column":2},"end":{"line":28,"column":37}},"18":{"start":{"line":31,"column":0},"end":{"line":33,"column":2}},"19":{"start":{"line":32,"column":2},"end":{"line":32,"column":34}},"20":{"start":{"line":35,"column":0},"end":{"line":37,"column":2}},"21":{"start":{"line":36,"column":2},"end":{"line":36,"column":48}},"22":{"start":{"line":39,"column":0},"end":{"line":39,"column":22}}},"fnMap":{"0":{"name":"(anonymous_0)","decl":{"start":{"line":12,"column":16},"end":{"line":12,"column":17}},"loc":{"start":{"line":13,"column":2},"end":{"line":13,"column":38}}},"1":{"name":"(anonymous_1)","decl":{"start":{"line":15,"column":22},"end":{"line":15,"column":23}},"loc":{"start":{"line":16,"column":2},"end":{"line":16,"column":38}}},"2":{"name":"(anonymous_2)","decl":{"start":{"line":19,"column":22},"end":{"line":19,"column":23}},"loc":{"start":{"line":20,"column":2},"end":{"line":20,"column":41}}},"3":{"name":"(anonymous_3)","decl":{"start":{"line":23,"column":36},"end":{"line":23,"column":37}},"loc":{"start":{"line":24,"column":2},"end":{"line":24,"column":47}}},"4":{"name":"(anonymous_4)","decl":{"start":{"line":27,"column":24},"end":{"line":27,"column":25}},"loc":{"start":{"line":28,"column":2},"end":{"line":28,"column":37}}},"5":{"name":"(anonymous_5)","decl":{"start":{"line":31,"column":22},"end":{"line":31,"column":23}},"loc":{"start":{"line":32,"column":2},"end":{"line":32,"column":34}}},"6":{"name":"(anonymous_6)","decl":{"start":{"line":35,"column":33},"end":{"line":35,"column":34}},"loc":{"start":{"line":36,"column":2},"end":{"line":36,"column":48}}}},"branchMap":{},"s":{"0":0,"1":0,"2":0,"3":0,"4":0,"5":0,"6":0,"7":0,"8":0,"9":0,"10":0,"11":0,"12":0,"13":0,"14":0,"15":0,"16":0,"17":0,"18":0,"19":0,"20":0,"21":0,"22":0},"f":{"0":0,"1":0,"2":0,"3":0,"4":0,"5":0,"6":0},"b":{}}
,"C:\\Users\\Thiago Ferreira\\Desktop\\scripts\\APIs faculdade\\api-exemplo\\APIs-academico\\api-com-jest\\src\\services\\PostService.ts": {"path":"C:\\Users\\Thiago Ferreira\\Desktop\\scripts\\APIs faculdade\\api-exemplo\\APIs-academico\\api-com-jest\\src\\services\\PostService.ts","statementMap":{"0":{"start":{"line":1,"column":0},"end":{"line":1,"column":64}},"1":{"start":{"line":2,"column":0},"end":{"line":2,"column":64}},"2":{"start":{"line":3,"column":0},"end":{"line":3,"column":52}},"3":{"start":{"line":14,"column":10},"end":{"line":14,"column":48}},"4":{"start":{"line":15,"column":10},"end":{"line":15,"column":48}},"5":{"start":{"line":17,"column":2},"end":{"line":32,"column":4}},"6":{"start":{"line":18,"column":4},"end":{"line":31,"column":5}},"7":{"start":{"line":19,"column":36},"end":{"line":19,"column":74}},"8":{"start":{"line":21,"column":6},"end":{"line":23,"column":7}},"9":{"start":{"line":22,"column":8},"end":{"line":22,"column":62}},"10":{"start":{"line":25,"column":6},"end":{"line":25,"column":37}},"11":{"start":{"line":27,"column":6},"end":{"line":29,"column":7}},"12":{"start":{"line":28,"column":8},"end":{"line":28,"column":20}},"13":{"start":{"line":30,"column":6},"end":{"line":30,"column":78}},"14":{"start":{"line":34,"column":2},"end":{"line":74,"column":4}},"15":{"start":{"line":35,"column":4},"end":{"line":73,"column":5}},"16":{"start":{"line":36,"column":36},"end":{"line":37,"column":null}},"17":{"start":{"line":40,"column":6},"end":{"line":42,"column":7}},"18":{"start":{"line":41,"column":8},"end":{"line":41,"column":62}},"19":{"start":{"line":44,"column":6},"end":{"line":49,"column":7}},"20":{"start":{"line":45,"column":8},"end":{"line":48,"column":10}},"21":{"start":{"line":51,"column":6},"end":{"line":56,"column":7}},"22":{"start":{"line":52,"column":8},"end":{"line":55,"column":10}},"23":{"start":{"line":58,"column":34},"end":{"line":58,"column":79}},"24":{"start":{"line":60,"column":6},"end":{"line":62,"column":7}},"25":{"start":{"line":61,"column":8},"end":{"line":61,"column":76}},"26":{"start":{"line":64,"column":6},"end":{"line":64,"column":36}},"27":{"start":{"line":66,"column":6},"end":{"line":68,"column":7}},"28":{"start":{"line":67,"column":8},"end":{"line":67,"column":20}},"29":{"start":{"line":69,"column":6},"end":{"line":72,"column":8}},"30":{"start":{"line":76,"column":2},"end":{"line":139,"column":4}},"31":{"start":{"line":81,"column":4},"end":{"line":138,"column":5}},"32":{"start":{"line":82,"column":32},"end":{"line":82,"column":78}},"33":{"start":{"line":84,"column":6},"end":{"line":86,"column":7}},"34":{"start":{"line":85,"column":8},"end":{"line":85,"column":59}},"35":{"start":{"line":88,"column":35},"end":{"line":89,"column":null}},"36":{"start":{"line":92,"column":6},"end":{"line":94,"column":7}},"37":{"start":{"line":93,"column":8},"end":{"line":93,"column":62}},"38":{"start":{"line":96,"column":6},"end":{"line":101,"column":7}},"39":{"start":{"line":97,"column":8},"end":{"line":100,"column":10}},"40":{"start":{"line":103,"column":6},"end":{"line":111,"column":7}},"41":{"start":{"line":107,"column":8},"end":{"line":110,"column":10}},"42":{"start":{"line":113,"column":6},"end":{"line":121,"column":7}},"43":{"start":{"line":117,"column":8},"end":{"line":120,"column":10}},"44":{"start":{"line":123,"column":34},"end":{"line":125,"column":null}},"45":{"start":{"line":128,"column":6},"end":{"line":130,"column":7}},"46":{"start":{"line":129,"column":8},"end":{"line":129,"column":63}},"47":{"start":{"line":132,"column":6},"end":{"line":132,"column":36}},"48":{"start":{"line":134,"column":6},"end":{"line":136,"column":7}},"49":{"start":{"line":135,"column":8},"end":{"line":135,"column":20}},"50":{"start":{"line":137,"column":6},"end":{"line":137,"column":77}},"51":{"start":{"line":141,"column":2},"end":{"line":177,"column":4}},"52":{"start":{"line":142,"column":4},"end":{"line":176,"column":5}},"53":{"start":{"line":143,"column":32},"end":{"line":143,"column":78}},"54":{"start":{"line":145,"column":6},"end":{"line":147,"column":7}},"55":{"start":{"line":146,"column":8},"end":{"line":146,"column":59}},"56":{"start":{"line":149,"column":35},"end":{"line":150,"column":null}},"57":{"start":{"line":153,"column":6},"end":{"line":155,"column":7}},"58":{"start":{"line":154,"column":8},"end":{"line":154,"column":62}},"59":{"start":{"line":157,"column":6},"end":{"line":162,"column":7}},"60":{"start":{"line":158,"column":8},"end":{"line":161,"column":10}},"61":{"start":{"line":164,"column":34},"end":{"line":164,"column":79}},"62":{"start":{"line":166,"column":6},"end":{"line":168,"column":7}},"63":{"start":{"line":167,"column":8},"end":{"line":167,"column":63}},"64":{"start":{"line":170,"column":6},"end":{"line":170,"column":36}},"65":{"start":{"line":172,"column":6},"end":{"line":174,"column":7}},"66":{"start":{"line":173,"column":8},"end":{"line":173,"column":20}},"67":{"start":{"line":175,"column":6},"end":{"line":175,"column":75}},"68":{"start":{"line":13,"column":0},"end":{"line":13,"column":13}}},"fnMap":{"0":{"name":"(anonymous_0)","decl":{"start":{"line":13,"column":0},"end":{"line":13,"column":13}},"loc":{"start":{"line":13,"column":0},"end":{"line":178,"column":1}}},"1":{"name":"(anonymous_1)","decl":{"start":{"line":17,"column":15},"end":{"line":17,"column":20}},"loc":{"start":{"line":17,"column":51},"end":{"line":32,"column":3}}},"2":{"name":"(anonymous_2)","decl":{"start":{"line":34,"column":15},"end":{"line":34,"column":20}},"loc":{"start":{"line":34,"column":60},"end":{"line":74,"column":3}}},"3":{"name":"(anonymous_3)","decl":{"start":{"line":76,"column":14},"end":{"line":76,"column":19}},"loc":{"start":{"line":80,"column":21},"end":{"line":139,"column":3}}},"4":{"name":"(anonymous_4)","decl":{"start":{"line":141,"column":15},"end":{"line":141,"column":20}},"loc":{"start":{"line":141,"column":73},"end":{"line":177,"column":3}}}},"branchMap":{"0":{"loc":{"start":{"line":21,"column":6},"end":{"line":23,"column":7}},"type":"if","locations":[{"start":{"line":21,"column":6},"end":{"line":23,"column":7}},{"start":{},"end":{}}]},"1":{"loc":{"start":{"line":21,"column":10},"end":{"line":21,"column":38}},"type":"binary-expr","locations":[{"start":{"line":21,"column":10},"end":{"line":21,"column":16}},{"start":{"line":21,"column":20},"end":{"line":21,"column":38}}]},"2":{"loc":{"start":{"line":27,"column":6},"end":{"line":29,"column":7}},"type":"if","locations":[{"start":{"line":27,"column":6},"end":{"line":29,"column":7}},{"start":{},"end":{}}]},"3":{"loc":{"start":{"line":30,"column":28},"end":{"line":30,"column":71}},"type":"binary-expr","locations":[{"start":{"line":30,"column":28},"end":{"line":30,"column":41}},{"start":{"line":30,"column":45},"end":{"line":30,"column":71}}]},"4":{"loc":{"start":{"line":40,"column":6},"end":{"line":42,"column":7}},"type":"if","locations":[{"start":{"line":40,"column":6},"end":{"line":42,"column":7}},{"start":{},"end":{}}]},"5":{"loc":{"start":{"line":40,"column":10},"end":{"line":40,"column":36}},"type":"binary-expr","locations":[{"start":{"line":40,"column":10},"end":{"line":40,"column":15}},{"start":{"line":40,"column":19},"end":{"line":40,"column":36}}]},"6":{"loc":{"start":{"line":44,"column":6},"end":{"line":49,"column":7}},"type":"if","locations":[{"start":{"line":44,"column":6},"end":{"line":49,"column":7}},{"start":{},"end":{}}]},"7":{"loc":{"start":{"line":51,"column":6},"end":{"line":56,"column":7}},"type":"if","locations":[{"start":{"line":51,"column":6},"end":{"line":56,"column":7}},{"start":{},"end":{}}]},"8":{"loc":{"start":{"line":60,"column":6},"end":{"line":62,"column":7}},"type":"if","locations":[{"start":{"line":60,"column":6},"end":{"line":62,"column":7}},{"start":{},"end":{}}]},"9":{"loc":{"start":{"line":60,"column":10},"end":{"line":60,"column":50}},"type":"binary-expr","locations":[{"start":{"line":60,"column":10},"end":{"line":60,"column":22}},{"start":{"line":60,"column":26},"end":{"line":60,"column":50}}]},"10":{"loc":{"start":{"line":66,"column":6},"end":{"line":68,"column":7}},"type":"if","locations":[{"start":{"line":66,"column":6},"end":{"line":68,"column":7}},{"start":{},"end":{}}]},"11":{"loc":{"start":{"line":70,"column":8},"end":{"line":70,"column":55}},"type":"binary-expr","locations":[{"start":{"line":70,"column":8},"end":{"line":70,"column":21}},{"start":{"line":70,"column":25},"end":{"line":70,"column":55}}]},"12":{"loc":{"start":{"line":84,"column":6},"end":{"line":86,"column":7}},"type":"if","locations":[{"start":{"line":84,"column":6},"end":{"line":86,"column":7}},{"start":{},"end":{}}]},"13":{"loc":{"start":{"line":84,"column":10},"end":{"line":84,"column":36}},"type":"binary-expr","locations":[{"start":{"line":84,"column":10},"end":{"line":84,"column":15}},{"start":{"line":84,"column":19},"end":{"line":84,"column":36}}]},"14":{"loc":{"start":{"line":92,"column":6},"end":{"line":94,"column":7}},"type":"if","locations":[{"start":{"line":92,"column":6},"end":{"line":94,"column":7}},{"start":{},"end":{}}]},"15":{"loc":{"start":{"line":92,"column":10},"end":{"line":92,"column":36}},"type":"binary-expr","locations":[{"start":{"line":92,"column":10},"end":{"line":92,"column":15}},{"start":{"line":92,"column":19},"end":{"line":92,"column":36}}]},"16":{"loc":{"start":{"line":96,"column":6},"end":{"line":101,"column":7}},"type":"if","locations":[{"start":{"line":96,"column":6},"end":{"line":101,"column":7}},{"start":{},"end":{}}]},"17":{"loc":{"start":{"line":96,"column":10},"end":{"line":96,"column":70}},"type":"binary-expr","locations":[{"start":{"line":96,"column":10},"end":{"line":96,"column":37}},{"start":{"line":96,"column":41},"end":{"line":96,"column":70}}]},"18":{"loc":{"start":{"line":103,"column":6},"end":{"line":111,"column":7}},"type":"if","locations":[{"start":{"line":103,"column":6},"end":{"line":111,"column":7}},{"start":{},"end":{}}]},"19":{"loc":{"start":{"line":104,"column":8},"end":{"line":105,"column":46}},"type":"binary-expr","locations":[{"start":{"line":104,"column":8},"end":{"line":104,"column":42}},{"start":{"line":105,"column":8},"end":{"line":105,"column":46}}]},"20":{"loc":{"start":{"line":113,"column":6},"end":{"line":121,"column":7}},"type":"if","locations":[{"start":{"line":113,"column":6},"end":{"line":121,"column":7}},{"start":{},"end":{}}]},"21":{"loc":{"start":{"line":114,"column":8},"end":{"line":115,"column":49}},"type":"binary-expr","locations":[{"start":{"line":114,"column":8},"end":{"line":114,"column":44}},{"start":{"line":115,"column":8},"end":{"line":115,"column":49}}]},"22":{"loc":{"start":{"line":128,"column":6},"end":{"line":130,"column":7}},"type":"if","locations":[{"start":{"line":128,"column":6},"end":{"line":130,"column":7}},{"start":{},"end":{}}]},"23":{"loc":{"start":{"line":128,"column":10},"end":{"line":128,"column":50}},"type":"binary-expr","locations":[{"start":{"line":128,"column":10},"end":{"line":128,"column":22}},{"start":{"line":128,"column":26},"end":{"line":128,"column":50}}]},"24":{"loc":{"start":{"line":134,"column":6},"end":{"line":136,"column":7}},"type":"if","locations":[{"start":{"line":134,"column":6},"end":{"line":136,"column":7}},{"start":{},"end":{}}]},"25":{"loc":{"start":{"line":137,"column":28},"end":{"line":137,"column":70}},"type":"binary-expr","locations":[{"start":{"line":137,"column":28},"end":{"line":137,"column":41}},{"start":{"line":137,"column":45},"end":{"line":137,"column":70}}]},"26":{"loc":{"start":{"line":145,"column":6},"end":{"line":147,"column":7}},"type":"if","locations":[{"start":{"line":145,"column":6},"end":{"line":147,"column":7}},{"start":{},"end":{}}]},"27":{"loc":{"start":{"line":145,"column":10},"end":{"line":145,"column":36}},"type":"binary-expr","locations":[{"start":{"line":145,"column":10},"end":{"line":145,"column":15}},{"start":{"line":145,"column":19},"end":{"line":145,"column":36}}]},"28":{"loc":{"start":{"line":153,"column":6},"end":{"line":155,"column":7}},"type":"if","locations":[{"start":{"line":153,"column":6},"end":{"line":155,"column":7}},{"start":{},"end":{}}]},"29":{"loc":{"start":{"line":153,"column":10},"end":{"line":153,"column":36}},"type":"binary-expr","locations":[{"start":{"line":153,"column":10},"end":{"line":153,"column":15}},{"start":{"line":153,"column":19},"end":{"line":153,"column":36}}]},"30":{"loc":{"start":{"line":157,"column":6},"end":{"line":162,"column":7}},"type":"if","locations":[{"start":{"line":157,"column":6},"end":{"line":162,"column":7}},{"start":{},"end":{}}]},"31":{"loc":{"start":{"line":157,"column":10},"end":{"line":157,"column":70}},"type":"binary-expr","locations":[{"start":{"line":157,"column":10},"end":{"line":157,"column":37}},{"start":{"line":157,"column":41},"end":{"line":157,"column":70}}]},"32":{"loc":{"start":{"line":166,"column":6},"end":{"line":168,"column":7}},"type":"if","locations":[{"start":{"line":166,"column":6},"end":{"line":168,"column":7}},{"start":{},"end":{}}]},"33":{"loc":{"start":{"line":166,"column":10},"end":{"line":166,"column":50}},"type":"binary-expr","locations":[{"start":{"line":166,"column":10},"end":{"line":166,"column":22}},{"start":{"line":166,"column":26},"end":{"line":166,"column":50}}]},"34":{"loc":{"start":{"line":172,"column":6},"end":{"line":174,"column":7}},"type":"if","locations":[{"start":{"line":172,"column":6},"end":{"line":174,"column":7}},{"start":{},"end":{}}]},"35":{"loc":{"start":{"line":175,"column":28},"end":{"line":175,"column":68}},"type":"binary-expr","locations":[{"start":{"line":175,"column":28},"end":{"line":175,"column":41}},{"start":{"line":175,"column":45},"end":{"line":175,"column":68}}]}},"s":{"0":0,"1":0,"2":0,"3":0,"4":0,"5":0,"6":0,"7":0,"8":0,"9":0,"10":0,"11":0,"12":0,"13":0,"14":0,"15":0,"16":0,"17":0,"18":0,"19":0,"20":0,"21":0,"22":0,"23":0,"24":0,"25":0,"26":0,"27":0,"28":0,"29":0,"30":0,"31":0,"32":0,"33":0,"34":0,"35":0,"36":0,"37":0,"38":0,"39":0,"40":0,"41":0,"42":0,"43":0,"44":0,"45":0,"46":0,"47":0,"48":0,"49":0,"50":0,"51":0,"52":0,"53":0,"54":0,"55":0,"56":0,"57":0,"58":0,"59":0,"60":0,"61":0,"62":0,"63":0,"64":0,"65":0,"66":0,"67":0,"68":0},"f":{"0":0,"1":0,"2":0,"3":0,"4":0},"b":{"0":[0,0],"1":[0,0],"2":[0,0],"3":[0,0],"4":[0,0],"5":[0,0],"6":[0,0],"7":[0,0],"8":[0,0],"9":[0,0],"10":[0,0],"11":[0,0],"12":[0,0],"13":[0,0],"14":[0,0],"15":[0,0],"16":[0,0],"17":[0,0],"18":[0,0],"19":[0,0],"20":[0,0],"21":[0,0],"22":[0,0],"23":[0,0],"24":[0,0],"25":[0,0],"26":[0,0],"27":[0,0],"28":[0,0],"29":[0,0],"30":[0,0],"31":[0,0],"32":[0,0],"33":[0,0],"34":[0,0],"35":[0,0]}}
,"C:\\Users\\Thiago Ferreira\\Desktop\\scripts\\APIs faculdade\\api-exemplo\\APIs-academico\\api-com-jest\\src\\services\\UserService.ts": {"path":"C:\\Users\\Thiago Ferreira\\Desktop\\scripts\\APIs faculdade\\api-exemplo\\APIs-academico\\api-com-jest\\src\\services\\UserService.ts","statementMap":{"0":{"start":{"line":2,"column":0},"end":{"line":2,"column":52}},"1":{"start":{"line":4,"column":0},"end":{"line":4,"column":28}},"2":{"start":{"line":13,"column":2},"end":{"line":31,"column":4}},"3":{"start":{"line":14,"column":4},"end":{"line":30,"column":5}},"4":{"start":{"line":15,"column":35},"end":{"line":15,"column":74}},"5":{"start":{"line":17,"column":6},"end":{"line":19,"column":7}},"6":{"start":{"line":18,"column":8},"end":{"line":18,"column":65}},"7":{"start":{"line":21,"column":6},"end":{"line":21,"column":19}},"8":{"start":{"line":23,"column":6},"end":{"line":25,"column":7}},"9":{"start":{"line":24,"column":8},"end":{"line":24,"column":20}},"10":{"start":{"line":26,"column":6},"end":{"line":29,"column":8}},"11":{"start":{"line":33,"column":2},"end":{"line":50,"column":4}},"12":{"start":{"line":34,"column":4},"end":{"line":49,"column":5}},"13":{"start":{"line":35,"column":34},"end":{"line":36,"column":null}},"14":{"start":{"line":39,"column":6},"end":{"line":41,"column":7}},"15":{"start":{"line":40,"column":8},"end":{"line":40,"column":62}},"16":{"start":{"line":43,"column":6},"end":{"line":43,"column":36}},"17":{"start":{"line":45,"column":6},"end":{"line":47,"column":7}},"18":{"start":{"line":46,"column":8},"end":{"line":46,"column":20}},"19":{"start":{"line":48,"column":6},"end":{"line":48,"column":80}},"20":{"start":{"line":52,"column":2},"end":{"line":73,"column":4}},"21":{"start":{"line":53,"column":4},"end":{"line":72,"column":5}},"22":{"start":{"line":54,"column":35},"end":{"line":55,"column":null}},"23":{"start":{"line":57,"column":6},"end":{"line":62,"column":7}},"24":{"start":{"line":58,"column":8},"end":{"line":61,"column":10}},"25":{"start":{"line":63,"column":6},"end":{"line":63,"column":36}},"26":{"start":{"line":65,"column":6},"end":{"line":67,"column":7}},"27":{"start":{"line":66,"column":8},"end":{"line":66,"column":20}},"28":{"start":{"line":68,"column":6},"end":{"line":71,"column":8}},"29":{"start":{"line":75,"column":2},"end":{"line":100,"column":4}},"30":{"start":{"line":79,"column":4},"end":{"line":99,"column":5}},"31":{"start":{"line":81,"column":8},"end":{"line":81,"column":70}},"32":{"start":{"line":83,"column":6},"end":{"line":88,"column":7}},"33":{"start":{"line":84,"column":8},"end":{"line":87,"column":10}},"34":{"start":{"line":90,"column":6},"end":{"line":90,"column":36}},"35":{"start":{"line":92,"column":6},"end":{"line":94,"column":7}},"36":{"start":{"line":93,"column":8},"end":{"line":93,"column":20}},"37":{"start":{"line":95,"column":6},"end":{"line":98,"column":8}},"38":{"start":{"line":102,"column":2},"end":{"line":133,"column":4}},"39":{"start":{"line":103,"column":4},"end":{"line":132,"column":5}},"40":{"start":{"line":104,"column":29},"end":{"line":106,"column":null}},"41":{"start":{"line":108,"column":6},"end":{"line":108,"column":45}},"42":{"start":{"line":110,"column":41},"end":{"line":111,"column":null}},"43":{"start":{"line":114,"column":6},"end":{"line":116,"column":7}},"44":{"start":{"line":115,"column":8},"end":{"line":115,"column":72}},"45":{"start":{"line":118,"column":6},"end":{"line":118,"column":43}},"46":{"start":{"line":120,"column":6},"end":{"line":125,"column":7}},"47":{"start":{"line":121,"column":8},"end":{"line":124,"column":10}},"48":{"start":{"line":127,"column":6},"end":{"line":129,"column":7}},"49":{"start":{"line":128,"column":8},"end":{"line":128,"column":20}},"50":{"start":{"line":131,"column":6},"end":{"line":131,"column":59}},"51":{"start":{"line":135,"column":2},"end":{"line":170,"column":4}},"52":{"start":{"line":139,"column":4},"end":{"line":169,"column":5}},"53":{"start":{"line":140,"column":29},"end":{"line":142,"column":null}},"54":{"start":{"line":144,"column":6},"end":{"line":144,"column":49}},"55":{"start":{"line":146,"column":40},"end":{"line":148,"column":null}},"56":{"start":{"line":151,"column":6},"end":{"line":153,"column":7}},"57":{"start":{"line":152,"column":8},"end":{"line":152,"column":79}},"58":{"start":{"line":155,"column":6},"end":{"line":155,"column":42}},"59":{"start":{"line":157,"column":6},"end":{"line":162,"column":7}},"60":{"start":{"line":158,"column":8},"end":{"line":161,"column":10}},"61":{"start":{"line":164,"column":6},"end":{"line":166,"column":7}},"62":{"start":{"line":165,"column":8},"end":{"line":165,"column":20}},"63":{"start":{"line":168,"column":6},"end":{"line":168,"column":63}},"64":{"start":{"line":172,"column":2},"end":{"line":194,"column":4}},"65":{"start":{"line":173,"column":4},"end":{"line":193,"column":5}},"66":{"start":{"line":175,"column":8},"end":{"line":175,"column":57}},"67":{"start":{"line":177,"column":6},"end":{"line":182,"column":7}},"68":{"start":{"line":178,"column":8},"end":{"line":181,"column":10}},"69":{"start":{"line":184,"column":6},"end":{"line":184,"column":36}},"70":{"start":{"line":186,"column":6},"end":{"line":188,"column":7}},"71":{"start":{"line":187,"column":8},"end":{"line":187,"column":20}},"72":{"start":{"line":189,"column":6},"end":{"line":192,"column":8}},"73":{"start":{"line":10,"column":4},"end":{"line":10,"column":41}},"74":{"start":{"line":6,"column":0},"end":{"line":6,"column":13}}},"fnMap":{"0":{"name":"(anonymous_1)","decl":{"start":{"line":9,"column":2},"end":{"line":9,"column":14}},"loc":{"start":{"line":9,"column":44},"end":{"line":11,"column":3}}},"1":{"name":"(anonymous_2)","decl":{"start":{"line":13,"column":16},"end":{"line":13,"column":21}},"loc":{"start":{"line":13,"column":51},"end":{"line":31,"column":3}}},"2":{"name":"(anonymous_3)","decl":{"start":{"line":33,"column":16},"end":{"line":33,"column":21}},"loc":{"start":{"line":33,"column":64},"end":{"line":50,"column":3}}},"3":{"name":"(anonymous_4)","decl":{"start":{"line":52,"column":19},"end":{"line":52,"column":24}},"loc":{"start":{"line":52,"column":71},"end":{"line":73,"column":3}}},"4":{"name":"(anonymous_5)","decl":{"start":{"line":75,"column":25},"end":{"line":75,"column":30}},"loc":{"start":{"line":78,"column":30},"end":{"line":100,"column":3}}},"5":{"name":"(anonymous_6)","decl":{"start":{"line":102,"column":15},"end":{"line":102,"column":20}},"loc":{"start":{"line":102,"column":65},"end":{"line":133,"column":3}}},"6":{"name":"(anonymous_7)","decl":{"start":{"line":135,"column":12},"end":{"line":135,"column":17}},"loc":{"start":{"line":138,"column":28},"end":{"line":170,"column":3}}},"7":{"name":"(anonymous_8)","decl":{"start":{"line":172,"column":26},"end":{"line":172,"column":31}},"loc":{"start":{"line":172,"column":61},"end":{"line":194,"column":3}}}},"branchMap":{"0":{"loc":{"start":{"line":17,"column":6},"end":{"line":19,"column":7}},"type":"if","locations":[{"start":{"line":17,"column":6},"end":{"line":19,"column":7}},{"start":{},"end":{}}]},"1":{"loc":{"start":{"line":17,"column":10},"end":{"line":17,"column":38}},"type":"binary-expr","locations":[{"start":{"line":17,"column":10},"end":{"line":17,"column":16}},{"start":{"line":17,"column":20},"end":{"line":17,"column":38}}]},"2":{"loc":{"start":{"line":23,"column":6},"end":{"line":25,"column":7}},"type":"if","locations":[{"start":{"line":23,"column":6},"end":{"line":25,"column":7}},{"start":{},"end":{}}]},"3":{"loc":{"start":{"line":27,"column":8},"end":{"line":27,"column":54}},"type":"binary-expr","locations":[{"start":{"line":27,"column":8},"end":{"line":27,"column":21}},{"start":{"line":27,"column":25},"end":{"line":27,"column":54}}]},"4":{"loc":{"start":{"line":39,"column":6},"end":{"line":41,"column":7}},"type":"if","locations":[{"start":{"line":39,"column":6},"end":{"line":41,"column":7}},{"start":{},"end":{}}]},"5":{"loc":{"start":{"line":39,"column":10},"end":{"line":39,"column":36}},"type":"binary-expr","locations":[{"start":{"line":39,"column":10},"end":{"line":39,"column":15}},{"start":{"line":39,"column":19},"end":{"line":39,"column":36}}]},"6":{"loc":{"start":{"line":45,"column":6},"end":{"line":47,"column":7}},"type":"if","locations":[{"start":{"line":45,"column":6},"end":{"line":47,"column":7}},{"start":{},"end":{}}]},"7":{"loc":{"start":{"line":48,"column":28},"end":{"line":48,"column":73}},"type":"binary-expr","locations":[{"start":{"line":48,"column":28},"end":{"line":48,"column":41}},{"start":{"line":48,"column":45},"end":{"line":48,"column":73}}]},"8":{"loc":{"start":{"line":57,"column":6},"end":{"line":62,"column":7}},"type":"if","locations":[{"start":{"line":57,"column":6},"end":{"line":62,"column":7}},{"start":{},"end":{}}]},"9":{"loc":{"start":{"line":57,"column":10},"end":{"line":57,"column":38}},"type":"binary-expr","locations":[{"start":{"line":57,"column":10},"end":{"line":57,"column":16}},{"start":{"line":57,"column":20},"end":{"line":57,"column":38}}]},"10":{"loc":{"start":{"line":65,"column":6},"end":{"line":67,"column":7}},"type":"if","locations":[{"start":{"line":65,"column":6},"end":{"line":67,"column":7}},{"start":{},"end":{}}]},"11":{"loc":{"start":{"line":69,"column":8},"end":{"line":69,"column":54}},"type":"binary-expr","locations":[{"start":{"line":69,"column":8},"end":{"line":69,"column":21}},{"start":{"line":69,"column":25},"end":{"line":69,"column":54}}]},"12":{"loc":{"start":{"line":83,"column":6},"end":{"line":88,"column":7}},"type":"if","locations":[{"start":{"line":83,"column":6},"end":{"line":88,"column":7}},{"start":{},"end":{}}]},"13":{"loc":{"start":{"line":83,"column":10},"end":{"line":83,"column":38}},"type":"binary-expr","locations":[{"start":{"line":83,"column":10},"end":{"line":83,"column":16}},{"start":{"line":83,"column":20},"end":{"line":83,"column":38}}]},"14":{"loc":{"start":{"line":92,"column":6},"end":{"line":94,"column":7}},"type":"if","locations":[{"start":{"line":92,"column":6},"end":{"line":94,"column":7}},{"start":{},"end":{}}]},"15":{"loc":{"start":{"line":96,"column":8},"end":{"line":96,"column":54}},"type":"binary-expr","locations":[{"start":{"line":96,"column":8},"end":{"line":96,"column":21}},{"start":{"line":96,"column":25},"end":{"line":96,"column":54}}]},"16":{"loc":{"start":{"line":114,"column":6},"end":{"line":116,"column":7}},"type":"if","locations":[{"start":{"line":114,"column":6},"end":{"line":116,"column":7}},{"start":{},"end":{}}]},"17":{"loc":{"start":{"line":114,"column":10},"end":{"line":114,"column":50}},"type":"binary-expr","locations":[{"start":{"line":114,"column":10},"end":{"line":114,"column":22}},{"start":{"line":114,"column":26},"end":{"line":114,"column":50}}]},"18":{"loc":{"start":{"line":120,"column":6},"end":{"line":125,"column":7}},"type":"if","locations":[{"start":{"line":120,"column":6},"end":{"line":125,"column":7}},{"start":{},"end":{}}]},"19":{"loc":{"start":{"line":127,"column":6},"end":{"line":129,"column":7}},"type":"if","locations":[{"start":{"line":127,"column":6},"end":{"line":129,"column":7}},{"start":{},"end":{}}]},"20":{"loc":{"start":{"line":151,"column":6},"end":{"line":153,"column":7}},"type":"if","locations":[{"start":{"line":151,"column":6},"end":{"line":153,"column":7}},{"start":{},"end":{}}]},"21":{"loc":{"start":{"line":151,"column":10},"end":{"line":151,"column":48}},"type":"binary-expr","locations":[{"start":{"line":151,"column":10},"end":{"line":151,"column":21}},{"start":{"line":151,"column":25},"end":{"line":151,"column":48}}]},"22":{"loc":{"start":{"line":157,"column":6},"end":{"line":162,"column":7}},"type":"if","locations":[{"start":{"line":157,"column":6},"end":{"line":162,"column":7}},{"start":{},"end":{}}]},"23":{"loc":{"start":{"line":164,"column":6},"end":{"line":166,"column":7}},"type":"if","locations":[{"start":{"line":164,"column":6},"end":{"line":166,"column":7}},{"start":{},"end":{}}]},"24":{"loc":{"start":{"line":177,"column":6},"end":{"line":182,"column":7}},"type":"if","locations":[{"start":{"line":177,"column":6},"end":{"line":182,"column":7}},{"start":{},"end":{}}]},"25":{"loc":{"start":{"line":177,"column":10},"end":{"line":177,"column":38}},"type":"binary-expr","locations":[{"start":{"line":177,"column":10},"end":{"line":177,"column":16}},{"start":{"line":177,"column":20},"end":{"line":177,"column":38}}]},"26":{"loc":{"start":{"line":186,"column":6},"end":{"line":188,"column":7}},"type":"if","locations":[{"start":{"line":186,"column":6},"end":{"line":188,"column":7}},{"start":{},"end":{}}]},"27":{"loc":{"start":{"line":190,"column":8},"end":{"line":190,"column":54}},"type":"binary-expr","locations":[{"start":{"line":190,"column":8},"end":{"line":190,"column":21}},{"start":{"line":190,"column":25},"end":{"line":190,"column":54}}]}},"s":{"0":1,"1":1,"2":6,"3":3,"4":3,"5":2,"6":1,"7":1,"8":2,"9":1,"10":1,"11":6,"12":3,"13":3,"14":2,"15":1,"16":1,"17":2,"18":1,"19":1,"20":6,"21":3,"22":3,"23":2,"24":1,"25":1,"26":2,"27":1,"28":1,"29":6,"30":3,"31":3,"32":2,"33":1,"34":1,"35":2,"36":1,"37":1,"38":6,"39":4,"40":4,"41":4,"42":4,"43":2,"44":1,"45":1,"46":3,"47":1,"48":2,"49":1,"50":1,"51":6,"52":4,"53":4,"54":4,"55":4,"56":2,"57":1,"58":1,"59":3,"60":1,"61":2,"62":1,"63":1,"64":6,"65":0,"66":0,"67":0,"68":0,"69":0,"70":0,"71":0,"72":0,"73":6,"74":1},"f":{"0":6,"1":3,"2":3,"3":3,"4":3,"5":4,"6":4,"7":0},"b":{"0":[1,1],"1":[2,2],"2":[1,1],"3":[1,0],"4":[1,1],"5":[2,2],"6":[1,1],"7":[1,0],"8":[1,1],"9":[2,2],"10":[1,1],"11":[1,0],"12":[1,1],"13":[2,2],"14":[1,1],"15":[1,0],"16":[1,1],"17":[2,2],"18":[1,2],"19":[1,1],"20":[1,1],"21":[2,2],"22":[1,2],"23":[1,1],"24":[0,0],"25":[0,0],"26":[0,0],"27":[0,0]}}
}
